[debug] [2020-09-20T05:10:27.584Z] ----------------------------------------------------------------------
[debug] [2020-09-20T05:10:27.586Z] Command:       C:\Program Files\nodejs\node.exe C:\Users\jayes\AppData\Roaming\npm\node_modules\firebase-tools\lib\bin\firebase.js init
[debug] [2020-09-20T05:10:27.586Z] CLI Version:   8.10.0
[debug] [2020-09-20T05:10:27.586Z] Platform:      win32
[debug] [2020-09-20T05:10:27.587Z] Node Version:  v12.18.3
[debug] [2020-09-20T05:10:27.588Z] Time:          Sun Sep 20 2020 10:40:27 GMT+0530 (India Standard Time)
[debug] [2020-09-20T05:10:27.588Z] ----------------------------------------------------------------------
[debug] [2020-09-20T05:10:27.588Z] 
[debug] [2020-09-20T05:10:27.594Z] > command requires scopes: ["email","openid","https://www.googleapis.com/auth/cloudplatformprojects.readonly","https://www.googleapis.com/auth/firebase","https://www.googleapis.com/auth/cloud-platform"]
[debug] [2020-09-20T05:10:27.594Z] > authorizing via signed-in user
[info] 
     ######## #### ########  ######## ########     ###     ######  ########
     ##        ##  ##     ## ##       ##     ##  ##   ##  ##       ##
     ######    ##  ########  ######   ########  #########  ######  ######
     ##        ##  ##    ##  ##       ##     ## ##     ##       ## ##
     ##       #### ##     ## ######## ########  ##     ##  ######  ########

You're about to initialize a Firebase project in this directory:

  C:\Users\jayes\Documents\React-September\Venue Website Udemy\sep-venue-app

Before we get started, keep in mind:

  * You are initializing in an existing Firebase project directory

[info] 
=== Project Setup
[info] 
[info] First, let's associate this project directory with a Firebase project.
[info] You can create multiple project aliases by running firebase use --add, 
[info] but for now we'll just set up a default project.
[info] 
[info] i  .firebaserc already has a default project, using bhiyaoo-4b9fe. 
[debug] [2020-09-20T05:17:35.797Z] >>> HTTP REQUEST GET https://firebase.googleapis.com/v1beta1/projects/bhiyaoo-4b9fe  
 
[debug] [2020-09-20T05:17:36.733Z] <<< HTTP RESPONSE 200 {"content-type":"application/json; charset=UTF-8","vary":"X-Origin, Referer, Origin,Accept-Encoding","date":"Sun, 20 Sep 2020 05:17:37 GMT","server":"ESF","cache-control":"private","x-xss-protection":"0","x-frame-options":"SAMEORIGIN","x-content-type-options":"nosniff","alt-svc":"h3-Q050=\":443\"; ma=2592000,h3-29=\":443\"; ma=2592000,h3-27=\":443\"; ma=2592000,h3-T051=\":443\"; ma=2592000,h3-T050=\":443\"; ma=2592000,h3-Q046=\":443\"; ma=2592000,h3-Q043=\":443\"; ma=2592000,quic=\":443\"; ma=2592000; v=\"46,43\"","accept-ranges":"none","transfer-encoding":"chunked"}
[info] 
=== Hosting Setup
[info] 
[info] Your public directory is the folder (relative to your project directory) that
[info] will contain Hosting assets to be uploaded with firebase deploy. If you
[info] have a build process for your assets, use your build's output directory.
[info] 
[debug] [2020-09-20T05:18:06.048Z] >>> HTTP REQUEST GET https://www.gstatic.com/firebasejs/releases.json  
 
[debug] [2020-09-20T05:18:06.422Z] <<< HTTP RESPONSE 200 {"accept-ranges":"bytes","vary":"Accept-Encoding, Origin","content-type":"application/json","content-length":"1429","date":"Sun, 20 Sep 2020 04:38:00 GMT","expires":"Sun, 20 Sep 2020 05:28:00 GMT","last-modified":"Thu, 17 Sep 2020 21:07:45 GMT","x-content-type-options":"nosniff","server":"sffe","x-xss-protection":"0","cache-control":"public, max-age=3000","age":"2407","alt-svc":"h3-Q050=\":443\"; ma=2592000,h3-29=\":443\"; ma=2592000,h3-27=\":443\"; ma=2592000,h3-T051=\":443\"; ma=2592000,h3-T050=\":443\"; ma=2592000,h3-Q046=\":443\"; ma=2592000,h3-Q043=\":443\"; ma=2592000,quic=\":443\"; ma=2592000; v=\"46,43\""}
